<?xml version="1.0" encoding="UTF-8"?>
<!-- Generated by org.testng.reporters.JUnitReportReporter -->
<testsuite hostname="BLRPC678" failures="0" tests="1" name="javaScriptExecuter.HandleJavaScript" time="8.399" errors="0" timestamp="25 Apr 2021 23:04:28 GMT">
  <testcase classname="javaScriptExecuter.HandleJavaScript" name="ansisterXpath" time="8.399"/>
</testsuite> <!-- javaScriptExecuter.HandleJavaScript -->
