<?xml version="1.0" encoding="UTF-8"?>
<!-- Generated by org.testng.reporters.JUnitReportReporter -->
<testsuite hostname="BLRPC678" failures="0" tests="1" name="dynamicWebTable.Followinf_Sebling_Ansistor" time="11.166" errors="0" timestamp="23 Jan 2021 21:28:34 GMT">
  <testcase classname="dynamicWebTable.Followinf_Sebling_Ansistor" name="selectAllElement" time="11.166"/>
</testsuite> <!-- dynamicWebTable.Followinf_Sebling_Ansistor -->
