<?xml version="1.0" encoding="UTF-8"?>
<!-- Generated by org.testng.reporters.JUnitReportReporter -->
<testsuite hostname="BLRPC678" failures="0" tests="1" name="dynamicWebTable.Ancestor_in_Selenium_Webdriver" time="6.063" errors="0" timestamp="25 Apr 2021 00:34:55 GMT">
  <testcase classname="dynamicWebTable.Ancestor_in_Selenium_Webdriver" name="ansisterXpath" time="6.063"/>
</testsuite> <!-- dynamicWebTable.Ancestor_in_Selenium_Webdriver -->
