<?xml version="1.0" encoding="UTF-8"?>
<!-- Generated by org.testng.reporters.JUnitReportReporter -->
<testsuite hostname="BLRPC678" failures="0" tests="1" name="webdriverManager.WDManager" time="7.721" errors="0" timestamp="16 Feb 2021 15:09:48 GMT">
  <testcase classname="webdriverManager.WDManager" name="loginAmazon" time="7.721"/>
</testsuite> <!-- webdriverManager.WDManager -->
