<?xml version="1.0" encoding="UTF-8"?>
<!-- Generated by org.testng.reporters.JUnitReportReporter -->
<testsuite hostname="BLRPC678" failures="0" tests="2" name="bootstrap.BS_DD_WithoutSelectTeg" time="4.685" errors="0" timestamp="30 May 2021 18:14:49 GMT">
  <testcase classname="bootstrap.BS_DD_WithoutSelectTeg" name="handleBSDropdown" time="4.676"/>
  <testcase classname="bootstrap.BS_DD_WithoutSelectTeg" name="click1" time="0.009"/>
</testsuite> <!-- bootstrap.BS_DD_WithoutSelectTeg -->
