<?xml version="1.0" encoding="UTF-8"?>
<!-- Generated by org.testng.reporters.JUnitReportReporter -->
<testsuite hostname="BLRPC678" failures="0" tests="1" name="dynamicWebTable.Parent_Xpath" time="10.179" errors="0" timestamp="24 Jan 2021 05:42:07 GMT">
  <testcase classname="dynamicWebTable.Parent_Xpath" name="ParentXpath" time="10.179"/>
</testsuite> <!-- dynamicWebTable.Parent_Xpath -->
