<?xml version="1.0" encoding="UTF-8"?>
<!-- Generated by org.testng.reporters.JUnitReportReporter -->
<testsuite hostname="BLRPC678" failures="0" tests="2" name="extentreport.TestNG_Examples" time="1.514" errors="0" timestamp="25 Apr 2021 00:39:58 GMT">
  <testcase classname="extentreport.TestNG_Examples" name="test1" time="1.513"/>
  <testcase classname="extentreport.TestNG_Examples" name="test2" time="0.001"/>
</testsuite> <!-- extentreport.TestNG_Examples -->
